#
# A fatal error has been detected by the Java Runtime Environment:
#
#  EXCEPTION_ACCESS_VIOLATION (0xc0000005) at pc=0x0000000066b1ff78, pid=17812, tid=9588
#
# JRE version: Java(TM) SE Runtime Environment (21.0.1+12) (build 21.0.1+12-LTS-29)
# Java VM: Java HotSpot(TM) 64-Bit Server VM (21.0.1+12-LTS-29, mixed mode, sharing, tiered, compressed oops, compressed class ptrs, g1 gc, windows-amd64)
# Problematic frame:
# C  [gdx-box2d64.dll+0x1ff78]
#
# No core dump will be written. Minidumps are not enabled by default on client versions of Windows
#
# If you would like to submit a bug report, please visit:
#   https://bugreport.java.com/bugreport/crash.jsp
# The crash happened outside the Java Virtual Machine in native code.
# See problematic frame for where to report the bug.
#

---------------  S U M M A R Y ------------

Command Line: -Dfile.encoding=windows-1252 -Duser.country=US -Duser.language=en -Duser.variant com.mygdx.game.DesktopLauncher

Host: 11th Gen Intel(R) Core(TM) i3-1125G4 @ 2.00GHz, 8 cores, 7G,  Windows 11 , 64 bit Build 22621 (10.0.22621.3527)
Time: Wed Jun 12 00:52:56 2024 SE Asia Standard Time elapsed time: 1.961626 seconds (0d 0h 0m 1s)

---------------  T H R E A D  ---------------

Current thread (0x0000019db8379790):  JavaThread "main"             [_thread_in_native, id=9588, stack(0x00000041b8c00000,0x00000041b8d00000) (1024K)]

Stack: [0x00000041b8c00000,0x00000041b8d00000],  sp=0x00000041b8cfef50,  free space=1019k
Native frames: (J=compiled Java code, j=interpreted, Vv=VM code, C=native code)
C  [gdx-box2d64.dll+0x1ff78]

Java frames: (J=compiled Java code, j=interpreted, Vv=VM code)
j  com.badlogic.gdx.physics.box2d.World.jniDispose(J)V+0
j  com.badlogic.gdx.physics.box2d.World.dispose()V+5
j  com.mygdx.game.GameScreen.dispose()V+11
j  com.mygdx.game.GameScreen.render(F)V+539
j  com.badlogic.gdx.Game.render()V+19
j  com.mygdx.game.Main.render()V+1
j  com.badlogic.gdx.backends.lwjgl3.Lwjgl3Window.update()Z+187
j  com.badlogic.gdx.backends.lwjgl3.Lwjgl3Application.loop()V+111
j  com.badlogic.gdx.backends.lwjgl3.Lwjgl3Application.<init>(Lcom/badlogic/gdx/ApplicationListener;Lcom/badlogic/gdx/backends/lwjgl3/Lwjgl3ApplicationConfiguration;)V+269
j  com.mygdx.game.DesktopLauncher.main([Ljava/lang/String;)V+42
v  ~StubRoutines::call_stub 0x0000019dc9dc10e7

siginfo: EXCEPTION_ACCESS_VIOLATION (0xc0000005), reading address 0x0000019e1dfd4d60


Registers:
RAX=0x0000000066b26600, RBX=0x0000019e187cf948, RCX=0x0000019e1dfbba40, RDX=0x00000041b8cff070
RSP=0x00000041b8cfef50, RBP=0x00000041b8cff040, RSI=0x0000000000000001, RDI=0x000000008c611c40
R8 =0x0000019e1dfbba40, R9 =0x00000000000000dc, R10=0x0000019dc9dccedc, R11=0x0000000000000102
R12=0x0000019e1dfbba40, R13=0x0000019e187cf948, R14=0x00000041b8cff070, R15=0x0000019db8379790
RIP=0x0000000066b1ff78, EFLAGS=0x0000000000010206


Register to memory mapping:

RAX=0x0000000066b26600 gdx-box2d64.dll
RBX={method} {0x0000019e187cf950} 'jniDispose' '(J)V' in 'com/badlogic/gdx/physics/box2d/World'
RCX=0x0000019e1dfbba40 points into unknown readable memory: 0x0000019db85e0150 | 50 01 5e b8 9d 01 00 00
RDX=0x00000041b8cff070 is pointing into the stack for thread: 0x0000019db8379790
RSP=0x00000041b8cfef50 is pointing into the stack for thread: 0x0000019db8379790
RBP=0x00000041b8cff040 is pointing into the stack for thread: 0x0000019db8379790
RSI=0x0000000000000001 is an unknown value
RDI=0x000000008c611c40 is an oop: com.badlogic.gdx.utils.Array 
{0x000000008c611c40} - klass: 'com/badlogic/gdx/utils/Array'
 - ---- fields (total size 4 words):
 - public 'size' 'I' @12  6 (0x00000006)
 - public 'ordered' 'Z' @16  true (0x01)
 - public 'items' '[Ljava/lang/Object;' @20  a 'java/lang/Object'[16] {0x000000008c611c60} (0x8c611c60)
 - private 'iterable' 'Lcom/badlogic/gdx/utils/Array$ArrayIterable;' @24  null (0x00000000)
 - private 'predicateIterable' 'Lcom/badlogic/gdx/utils/Predicate$PredicateIterable;' @28  null (0x00000000)
R8 =0x0000019e1dfbba40 points into unknown readable memory: 0x0000019db85e0150 | 50 01 5e b8 9d 01 00 00
R9 =0x00000000000000dc is an unknown value
R10=0x0000019dc9dccedc is at code_begin+1020 in an Interpreter codelet
native method entry point (kind = native)  [0x0000019dc9dccae0, 0x0000019dc9dcd708]  3112 bytes
R11=0x0000000000000102 is an unknown value
R12=0x0000019e1dfbba40 points into unknown readable memory: 0x0000019db85e0150 | 50 01 5e b8 9d 01 00 00
R13={method} {0x0000019e187cf950} 'jniDispose' '(J)V' in 'com/badlogic/gdx/physics/box2d/World'
R14=0x00000041b8cff070 is pointing into the stack for thread: 0x0000019db8379790
R15=0x0000019db8379790 is a thread

Top of Stack: (sp=0x00000041b8cfef50)
0x00000041b8cfef50:   0000000000000004 00000041b8cfef58
0x00000041b8cfef60:   0000019e186dfd60 0000000000000002
0x00000041b8cfef70:   0000019e187cf948 0000000000000001
0x00000041b8cfef80:   0000019e1dfbba40 0000000066b26620
0x00000041b8cfef90:   0000000000000000 00000041b8cfefb0
0x00000041b8cfefa0:   00000041b8cff000 0000019dc9dc896e
0x00000041b8cfefb0:   0000000000000000 0000019dc9dccf0b
0x00000041b8cfefc0:   0000019e186a5fd9 0000000000000004
0x00000041b8cfefd0:   0000019e186aa3e0 0000000000000000
0x00000041b8cfefe0:   000000008c8ab490 0000019e186a6038
0x00000041b8cfeff0:   0000000000000000 00000041b8cfeff8
0x00000041b8cff000:   0000000000000000 0000000000000006
0x00000041b8cff010:   0000019e187e0000 0000000000000000
0x00000041b8cff020:   000000008c496400 0000019e187cf948
0x00000041b8cff030:   0000000000000000 00000041b8cff060
0x00000041b8cff040:   00000041b8cff0c0 0000019dc9dc8846
0x00000041b8cff050:   0000000000000000 0000019dc9dca397
0x00000041b8cff060:   0000019e1dfbba40 0000000000000000
0x00000041b8cff070:   000000008c4c4298 00000041b8cff078
0x00000041b8cff080:   0000019e187cf89d 0000000000000002
0x00000041b8cff090:   0000019e187e0000 0000000000000000
0x00000041b8cff0a0:   000000008c496400 0000019e187cf8b8
0x00000041b8cff0b0:   00000041b8cff060 00000041b8cff0d0
0x00000041b8cff0c0:   00000041b8cff120 0000019dc9dc8846
0x00000041b8cff0d0:   000000008c4c4298 00000041b8cff0d8
0x00000041b8cff0e0:   0000019e187c8b53 0000000000000002
0x00000041b8cff0f0:   0000019e187c9008 0000000000000000
0x00000041b8cff100:   000000008c47f878 0000019e187c8b80
0x00000041b8cff110:   00000041b8cff0d0 00000041b8cff130
0x00000041b8cff120:   00000041b8cff180 0000019dc9dc8846
0x00000041b8cff130:   000000008c483a30 00000041b8cff138
0x00000041b8cff140:   0000019e187c8833 0000000000000005 

Instructions: (pc=0x0000000066b1ff78)
0x0000000066b1fe78:   80 00 00 00 4c 89 e9 e8 4c b8 fe ff 49 8d 8c 24
0x0000000066b1fe88:   a0 92 01 00 e8 2f e3 ff ff 48 8b 03 49 c7 84 24
0x0000000066b1fe98:   20 93 01 00 00 00 00 00 49 c7 84 24 28 93 01 00
0x0000000066b1fea8:   00 00 00 00 49 89 84 24 38 93 01 00 48 b8 00 00
0x0000000066b1feb8:   00 00 01 01 00 01 49 c7 84 24 30 93 01 00 00 00
0x0000000066b1fec8:   00 00 41 c6 84 24 40 93 01 00 01 41 c7 84 24 98
0x0000000066b1fed8:   92 01 00 04 00 00 00 49 c7 84 24 48 93 01 00 00
0x0000000066b1fee8:   00 00 00 49 c7 84 24 50 93 01 00 00 00 00 00 49
0x0000000066b1fef8:   89 84 24 58 93 01 00 4d 89 a4 24 18 93 01 00 49
0x0000000066b1ff08:   c7 84 24 60 93 01 00 00 00 00 00 49 c7 84 24 68
0x0000000066b1ff18:   93 01 00 00 00 00 00 49 c7 84 24 70 93 01 00 00
0x0000000066b1ff28:   00 00 00 49 c7 84 24 78 93 01 00 00 00 00 00 48
0x0000000066b1ff38:   83 c4 20 5b 41 5c 41 5d c3 49 89 c5 4c 89 e1 e8
0x0000000066b1ff48:   24 ae fe ff 4c 89 e9 e8 7c 37 01 00 48 89 c3 4c
0x0000000066b1ff58:   89 e9 e8 91 b7 fe ff 49 89 dd eb e0 66 66 2e 0f
0x0000000066b1ff68:   1f 84 00 00 00 00 00 90 41 54 56 53 48 83 ec 20
0x0000000066b1ff78:   48 8b b1 20 93 01 00 49 89 cc 48 85 f6 74 39 48
0x0000000066b1ff88:   89 f0 48 8b 76 68 48 8b 58 70 48 85 db 74 eb 66
0x0000000066b1ff98:   0f 1f 84 00 00 00 00 00 48 89 d9 48 8b 5b 08 4c
0x0000000066b1ffa8:   89 e2 c7 41 30 00 00 00 00 e8 5a e8 ff ff 48 85
0x0000000066b1ffb8:   db 75 e5 48 85 f6 75 c7 49 8d 8c 24 a0 92 01 00
0x0000000066b1ffc8:   e8 93 35 fe ff 49 8d 8c 24 80 00 00 00 e8 16 b7
0x0000000066b1ffd8:   fe ff 4c 89 e1 48 83 c4 20 5b 5e 41 5c e9 86 ad
0x0000000066b1ffe8:   fe ff 66 0f 1f 44 00 00 48 89 91 48 93 01 00 c3
0x0000000066b1fff8:   0f 1f 84 00 00 00 00 00 48 89 91 08 93 01 00 c3
0x0000000066b20008:   0f 1f 84 00 00 00 00 00 48 89 91 10 93 01 00 c3
0x0000000066b20018:   0f 1f 84 00 00 00 00 00 48 89 91 50 93 01 00 c3
0x0000000066b20028:   0f 1f 84 00 00 00 00 00 41 55 41 54 53 48 83 ec
0x0000000066b20038:   20 48 89 cb 49 89 d5 f6 81 98 92 01 00 02 75 58
0x0000000066b20048:   ba b8 00 00 00 48 89 d9 e8 6b ad fe ff 49 89 d8
0x0000000066b20058:   4c 89 ea 49 89 c4 48 89 c1 e8 4a cf ff ff 49 c7
0x0000000066b20068:   44 24 60 00 00 00 00 48 8b 83 20 93 01 00 49 89 


Stack slot to memory mapping:

stack at sp + 0 slots: 0x0000000000000004 is an unknown value
stack at sp + 1 slots: 0x00000041b8cfef58 is pointing into the stack for thread: 0x0000019db8379790
stack at sp + 2 slots: 0x0000019e186dfd60 is pointing into metadata
stack at sp + 3 slots: 0x0000000000000002 is an unknown value
stack at sp + 4 slots: {method} {0x0000019e187cf950} 'jniDispose' '(J)V' in 'com/badlogic/gdx/physics/box2d/World'
stack at sp + 5 slots: 0x0000000000000001 is an unknown value
stack at sp + 6 slots: 0x0000019e1dfbba40 points into unknown readable memory: 0x0000019db85e0150 | 50 01 5e b8 9d 01 00 00
stack at sp + 7 slots: 0x0000000066b26620 gdx-box2d64.dll


---------------  P R O C E S S  ---------------

Threads class SMR info:
_java_thread_list=0x0000019e1ed862f0, length=14, elements={
0x0000019db8379790, 0x0000019dd6945e00, 0x0000019dd6946cd0, 0x0000019dd6949290,
0x0000019dd694a050, 0x0000019dd694ac60, 0x0000019dd69541d0, 0x0000019dd6960870,
0x0000019e1c010060, 0x0000019e1c13b680, 0x0000019e1c140920, 0x0000019e1ca9d940,
0x0000019e1edd2a20, 0x0000019e1edee9b0
}

Java Threads: ( => current thread )
=>0x0000019db8379790 JavaThread "main"                              [_thread_in_native, id=9588, stack(0x00000041b8c00000,0x00000041b8d00000) (1024K)]
  0x0000019dd6945e00 JavaThread "Reference Handler"          daemon [_thread_blocked, id=20356, stack(0x00000041b9400000,0x00000041b9500000) (1024K)]
  0x0000019dd6946cd0 JavaThread "Finalizer"                  daemon [_thread_blocked, id=2272, stack(0x00000041b9500000,0x00000041b9600000) (1024K)]
  0x0000019dd6949290 JavaThread "Signal Dispatcher"          daemon [_thread_blocked, id=8344, stack(0x00000041b9600000,0x00000041b9700000) (1024K)]
  0x0000019dd694a050 JavaThread "Attach Listener"            daemon [_thread_blocked, id=3500, stack(0x00000041b9700000,0x00000041b9800000) (1024K)]
  0x0000019dd694ac60 JavaThread "Service Thread"             daemon [_thread_blocked, id=15804, stack(0x00000041b9800000,0x00000041b9900000) (1024K)]
  0x0000019dd69541d0 JavaThread "Monitor Deflation Thread"   daemon [_thread_blocked, id=13636, stack(0x00000041b9900000,0x00000041b9a00000) (1024K)]
  0x0000019dd6960870 JavaThread "C2 CompilerThread0"         daemon [_thread_blocked, id=19060, stack(0x00000041b9a00000,0x00000041b9b00000) (1024K)]
  0x0000019e1c010060 JavaThread "C1 CompilerThread0"         daemon [_thread_blocked, id=17528, stack(0x00000041b9b00000,0x00000041b9c00000) (1024K)]
  0x0000019e1c13b680 JavaThread "Notification Thread"        daemon [_thread_blocked, id=13196, stack(0x00000041b9c00000,0x00000041b9d00000) (1024K)]
  0x0000019e1c140920 JavaThread "Common-Cleaner"             daemon [_thread_blocked, id=16856, stack(0x00000041b9d00000,0x00000041b9e00000) (1024K)]
  0x0000019e1ca9d940 JavaThread "Thread-0"                   daemon [_thread_blocked, id=10472, stack(0x00000041ba500000,0x00000041ba600000) (1024K)]
  0x0000019e1edd2a20 JavaThread "LWJGL3 Timer"               daemon [_thread_blocked, id=13708, stack(0x00000041b9e00000,0x00000041b9f00000) (1024K)]
  0x0000019e1edee9b0 JavaThread "Timer"                      daemon [_thread_blocked, id=14820, stack(0x00000041bab00000,0x00000041bac00000) (1024K)]
Total: 14

Other Threads:
  0x0000019dd6927d20 VMThread "VM Thread"                           [id=6764, stack(0x00000041b9300000,0x00000041b9400000) (1024K)]
  0x0000019dd690fc50 WatcherThread "VM Periodic Task Thread"        [id=9520, stack(0x00000041b9200000,0x00000041b9300000) (1024K)]
  0x0000019dba498b20 WorkerThread "GC Thread#0"                     [id=13060, stack(0x00000041b8d00000,0x00000041b8e00000) (1024K)]
  0x0000019dba4a90b0 ConcurrentGCThread "G1 Main Marker"            [id=13428, stack(0x00000041b8e00000,0x00000041b8f00000) (1024K)]
  0x0000019dba4aa250 WorkerThread "G1 Conc#0"                       [id=7528, stack(0x00000041b8f00000,0x00000041b9000000) (1024K)]
  0x0000019dd67e6000 ConcurrentGCThread "G1 Refine#0"               [id=17580, stack(0x00000041b9000000,0x00000041b9100000) (1024K)]
  0x0000019dd67e6a70 ConcurrentGCThread "G1 Service"                [id=7944, stack(0x00000041b9100000,0x00000041b9200000) (1024K)]
Total: 7

Threads with active compile tasks:
Total: 0

VM state: not at safepoint (normal execution)

VM Mutex/Monitor currently owned by a thread: None

Heap address: 0x0000000085800000, size: 1960 MB, Compressed Oops mode: 32-bit

CDS archive(s) mapped at: [0x0000019dd7000000-0x0000019dd7c90000-0x0000019dd7c90000), size 13172736, SharedBaseAddress: 0x0000019dd7000000, ArchiveRelocationMode: 1.
Compressed class space mapped at: 0x0000019dd8000000-0x0000019e18000000, reserved size: 1073741824
Narrow klass base: 0x0000019dd7000000, Narrow klass shift: 0, Narrow klass range: 0x100000000

GC Precious Log:
 CardTable entry size: 512
 Card Set container configuration: InlinePtr #cards 5 size 8 Array Of Cards #cards 12 size 40 Howl #buckets 4 coarsen threshold 1843 Howl Bitmap #cards 512 size 80 coarsen threshold 460 Card regions per heap region 1 cards per card region 2048
 CPUs: 8 total, 8 available
 Memory: 7834M
 Large Page Support: Disabled
 NUMA Support: Disabled
 Compressed Oops: Enabled (32-bit)
 Heap Region Size: 1M
 Heap Min Capacity: 8M
 Heap Initial Capacity: 124M
 Heap Max Capacity: 1960M
 Pre-touch: Disabled
 Parallel Workers: 8
 Concurrent Workers: 2
 Concurrent Refinement Workers: 8
 Periodic GC: Disabled

Heap:
 garbage-first heap   total 126976K, used 19456K [0x0000000085800000, 0x0000000100000000)
  region size 1024K, 21 young (21504K), 0 survivors (0K)
 Metaspace       used 7081K, committed 7296K, reserved 1114112K
  class space    used 531K, committed 640K, reserved 1048576K

Heap Regions: E=young(eden), S=young(survivor), O=old, HS=humongous(starts), HC=humongous(continues), CS=collection set, F=free, TAMS=top-at-mark-start, PB=parsable bottom
|   0|0x0000000085800000, 0x0000000085800000, 0x0000000085900000|  0%| F|  |TAMS 0x0000000085800000| PB 0x0000000085800000| Untracked 
|   1|0x0000000085900000, 0x0000000085900000, 0x0000000085a00000|  0%| F|  |TAMS 0x0000000085900000| PB 0x0000000085900000| Untracked 
|   2|0x0000000085a00000, 0x0000000085a00000, 0x0000000085b00000|  0%| F|  |TAMS 0x0000000085a00000| PB 0x0000000085a00000| Untracked 
|   3|0x0000000085b00000, 0x0000000085b00000, 0x0000000085c00000|  0%| F|  |TAMS 0x0000000085b00000| PB 0x0000000085b00000| Untracked 
|   4|0x0000000085c00000, 0x0000000085c00000, 0x0000000085d00000|  0%| F|  |TAMS 0x0000000085c00000| PB 0x0000000085c00000| Untracked 
|   5|0x0000000085d00000, 0x0000000085d00000, 0x0000000085e00000|  0%| F|  |TAMS 0x0000000085d00000| PB 0x0000000085d00000| Untracked 
|   6|0x0000000085e00000, 0x0000000085e00000, 0x0000000085f00000|  0%| F|  |TAMS 0x0000000085e00000| PB 0x0000000085e00000| Untracked 
|   7|0x0000000085f00000, 0x0000000085f00000, 0x0000000086000000|  0%| F|  |TAMS 0x0000000085f00000| PB 0x0000000085f00000| Untracked 
|   8|0x0000000086000000, 0x0000000086000000, 0x0000000086100000|  0%| F|  |TAMS 0x0000000086000000| PB 0x0000000086000000| Untracked 
|   9|0x0000000086100000, 0x0000000086100000, 0x0000000086200000|  0%| F|  |TAMS 0x0000000086100000| PB 0x0000000086100000| Untracked 
|  10|0x0000000086200000, 0x0000000086200000, 0x0000000086300000|  0%| F|  |TAMS 0x0000000086200000| PB 0x0000000086200000| Untracked 
|  11|0x0000000086300000, 0x0000000086300000, 0x0000000086400000|  0%| F|  |TAMS 0x0000000086300000| PB 0x0000000086300000| Untracked 
|  12|0x0000000086400000, 0x0000000086400000, 0x0000000086500000|  0%| F|  |TAMS 0x0000000086400000| PB 0x0000000086400000| Untracked 
|  13|0x0000000086500000, 0x0000000086500000, 0x0000000086600000|  0%| F|  |TAMS 0x0000000086500000| PB 0x0000000086500000| Untracked 
|  14|0x0000000086600000, 0x0000000086600000, 0x0000000086700000|  0%| F|  |TAMS 0x0000000086600000| PB 0x0000000086600000| Untracked 
|  15|0x0000000086700000, 0x0000000086700000, 0x0000000086800000|  0%| F|  |TAMS 0x0000000086700000| PB 0x0000000086700000| Untracked 
|  16|0x0000000086800000, 0x0000000086800000, 0x0000000086900000|  0%| F|  |TAMS 0x0000000086800000| PB 0x0000000086800000| Untracked 
|  17|0x0000000086900000, 0x0000000086900000, 0x0000000086a00000|  0%| F|  |TAMS 0x0000000086900000| PB 0x0000000086900000| Untracked 
|  18|0x0000000086a00000, 0x0000000086a00000, 0x0000000086b00000|  0%| F|  |TAMS 0x0000000086a00000| PB 0x0000000086a00000| Untracked 
|  19|0x0000000086b00000, 0x0000000086b00000, 0x0000000086c00000|  0%| F|  |TAMS 0x0000000086b00000| PB 0x0000000086b00000| Untracked 
|  20|0x0000000086c00000, 0x0000000086c00000, 0x0000000086d00000|  0%| F|  |TAMS 0x0000000086c00000| PB 0x0000000086c00000| Untracked 
|  21|0x0000000086d00000, 0x0000000086d00000, 0x0000000086e00000|  0%| F|  |TAMS 0x0000000086d00000| PB 0x0000000086d00000| Untracked 
|  22|0x0000000086e00000, 0x0000000086e00000, 0x0000000086f00000|  0%| F|  |TAMS 0x0000000086e00000| PB 0x0000000086e00000| Untracked 
|  23|0x0000000086f00000, 0x0000000086f00000, 0x0000000087000000|  0%| F|  |TAMS 0x0000000086f00000| PB 0x0000000086f00000| Untracked 
|  24|0x0000000087000000, 0x0000000087000000, 0x0000000087100000|  0%| F|  |TAMS 0x0000000087000000| PB 0x0000000087000000| Untracked 
|  25|0x0000000087100000, 0x0000000087100000, 0x0000000087200000|  0%| F|  |TAMS 0x0000000087100000| PB 0x0000000087100000| Untracked 
|  26|0x0000000087200000, 0x0000000087200000, 0x0000000087300000|  0%| F|  |TAMS 0x0000000087200000| PB 0x0000000087200000| Untracked 
|  27|0x0000000087300000, 0x0000000087300000, 0x0000000087400000|  0%| F|  |TAMS 0x0000000087300000| PB 0x0000000087300000| Untracked 
|  28|0x0000000087400000, 0x0000000087400000, 0x0000000087500000|  0%| F|  |TAMS 0x0000000087400000| PB 0x0000000087400000| Untracked 
|  29|0x0000000087500000, 0x0000000087500000, 0x0000000087600000|  0%| F|  |TAMS 0x0000000087500000| PB 0x0000000087500000| Untracked 
|  30|0x0000000087600000, 0x0000000087600000, 0x0000000087700000|  0%| F|  |TAMS 0x0000000087600000| PB 0x0000000087600000| Untracked 
|  31|0x0000000087700000, 0x0000000087700000, 0x0000000087800000|  0%| F|  |TAMS 0x0000000087700000| PB 0x0000000087700000| Untracked 
|  32|0x0000000087800000, 0x0000000087800000, 0x0000000087900000|  0%| F|  |TAMS 0x0000000087800000| PB 0x0000000087800000| Untracked 
|  33|0x0000000087900000, 0x0000000087900000, 0x0000000087a00000|  0%| F|  |TAMS 0x0000000087900000| PB 0x0000000087900000| Untracked 
|  34|0x0000000087a00000, 0x0000000087a00000, 0x0000000087b00000|  0%| F|  |TAMS 0x0000000087a00000| PB 0x0000000087a00000| Untracked 
|  35|0x0000000087b00000, 0x0000000087b00000, 0x0000000087c00000|  0%| F|  |TAMS 0x0000000087b00000| PB 0x0000000087b00000| Untracked 
|  36|0x0000000087c00000, 0x0000000087c00000, 0x0000000087d00000|  0%| F|  |TAMS 0x0000000087c00000| PB 0x0000000087c00000| Untracked 
|  37|0x0000000087d00000, 0x0000000087d00000, 0x0000000087e00000|  0%| F|  |TAMS 0x0000000087d00000| PB 0x0000000087d00000| Untracked 
|  38|0x0000000087e00000, 0x0000000087e00000, 0x0000000087f00000|  0%| F|  |TAMS 0x0000000087e00000| PB 0x0000000087e00000| Untracked 
|  39|0x0000000087f00000, 0x0000000087f00000, 0x0000000088000000|  0%| F|  |TAMS 0x0000000087f00000| PB 0x0000000087f00000| Untracked 
|  40|0x0000000088000000, 0x0000000088000000, 0x0000000088100000|  0%| F|  |TAMS 0x0000000088000000| PB 0x0000000088000000| Untracked 
|  41|0x0000000088100000, 0x0000000088100000, 0x0000000088200000|  0%| F|  |TAMS 0x0000000088100000| PB 0x0000000088100000| Untracked 
|  42|0x0000000088200000, 0x0000000088200000, 0x0000000088300000|  0%| F|  |TAMS 0x0000000088200000| PB 0x0000000088200000| Untracked 
|  43|0x0000000088300000, 0x0000000088300000, 0x0000000088400000|  0%| F|  |TAMS 0x0000000088300000| PB 0x0000000088300000| Untracked 
|  44|0x0000000088400000, 0x0000000088400000, 0x0000000088500000|  0%| F|  |TAMS 0x0000000088400000| PB 0x0000000088400000| Untracked 
|  45|0x0000000088500000, 0x0000000088500000, 0x0000000088600000|  0%| F|  |TAMS 0x0000000088500000| PB 0x0000000088500000| Untracked 
|  46|0x0000000088600000, 0x0000000088600000, 0x0000000088700000|  0%| F|  |TAMS 0x0000000088600000| PB 0x0000000088600000| Untracked 
|  47|0x0000000088700000, 0x0000000088700000, 0x0000000088800000|  0%| F|  |TAMS 0x0000000088700000| PB 0x0000000088700000| Untracked 
|  48|0x0000000088800000, 0x0000000088800000, 0x0000000088900000|  0%| F|  |TAMS 0x0000000088800000| PB 0x0000000088800000| Untracked 
|  49|0x0000000088900000, 0x0000000088900000, 0x0000000088a00000|  0%| F|  |TAMS 0x0000000088900000| PB 0x0000000088900000| Untracked 
|  50|0x0000000088a00000, 0x0000000088a00000, 0x0000000088b00000|  0%| F|  |TAMS 0x0000000088a00000| PB 0x0000000088a00000| Untracked 
|  51|0x0000000088b00000, 0x0000000088b00000, 0x0000000088c00000|  0%| F|  |TAMS 0x0000000088b00000| PB 0x0000000088b00000| Untracked 
|  52|0x0000000088c00000, 0x0000000088c00000, 0x0000000088d00000|  0%| F|  |TAMS 0x0000000088c00000| PB 0x0000000088c00000| Untracked 
|  53|0x0000000088d00000, 0x0000000088d00000, 0x0000000088e00000|  0%| F|  |TAMS 0x0000000088d00000| PB 0x0000000088d00000| Untracked 
|  54|0x0000000088e00000, 0x0000000088e00000, 0x0000000088f00000|  0%| F|  |TAMS 0x0000000088e00000| PB 0x0000000088e00000| Untracked 
|  55|0x0000000088f00000, 0x0000000088f00000, 0x0000000089000000|  0%| F|  |TAMS 0x0000000088f00000| PB 0x0000000088f00000| Untracked 
|  56|0x0000000089000000, 0x0000000089000000, 0x0000000089100000|  0%| F|  |TAMS 0x0000000089000000| PB 0x0000000089000000| Untracked 
|  57|0x0000000089100000, 0x0000000089100000, 0x0000000089200000|  0%| F|  |TAMS 0x0000000089100000| PB 0x0000000089100000| Untracked 
|  58|0x0000000089200000, 0x0000000089200000, 0x0000000089300000|  0%| F|  |TAMS 0x0000000089200000| PB 0x0000000089200000| Untracked 
|  59|0x0000000089300000, 0x0000000089300000, 0x0000000089400000|  0%| F|  |TAMS 0x0000000089300000| PB 0x0000000089300000| Untracked 
|  60|0x0000000089400000, 0x0000000089400000, 0x0000000089500000|  0%| F|  |TAMS 0x0000000089400000| PB 0x0000000089400000| Untracked 
|  61|0x0000000089500000, 0x0000000089500000, 0x0000000089600000|  0%| F|  |TAMS 0x0000000089500000| PB 0x0000000089500000| Untracked 
|  62|0x0000000089600000, 0x0000000089600000, 0x0000000089700000|  0%| F|  |TAMS 0x0000000089600000| PB 0x0000000089600000| Untracked 
|  63|0x0000000089700000, 0x0000000089700000, 0x0000000089800000|  0%| F|  |TAMS 0x0000000089700000| PB 0x0000000089700000| Untracked 
|  64|0x0000000089800000, 0x0000000089800000, 0x0000000089900000|  0%| F|  |TAMS 0x0000000089800000| PB 0x0000000089800000| Untracked 
|  65|0x0000000089900000, 0x0000000089900000, 0x0000000089a00000|  0%| F|  |TAMS 0x0000000089900000| PB 0x0000000089900000| Untracked 
|  66|0x0000000089a00000, 0x0000000089a00000, 0x0000000089b00000|  0%| F|  |TAMS 0x0000000089a00000| PB 0x0000000089a00000| Untracked 
|  67|0x0000000089b00000, 0x0000000089b00000, 0x0000000089c00000|  0%| F|  |TAMS 0x0000000089b00000| PB 0x0000000089b00000| Untracked 
|  68|0x0000000089c00000, 0x0000000089c00000, 0x0000000089d00000|  0%| F|  |TAMS 0x0000000089c00000| PB 0x0000000089c00000| Untracked 
|  69|0x0000000089d00000, 0x0000000089d00000, 0x0000000089e00000|  0%| F|  |TAMS 0x0000000089d00000| PB 0x0000000089d00000| Untracked 
|  70|0x0000000089e00000, 0x0000000089e00000, 0x0000000089f00000|  0%| F|  |TAMS 0x0000000089e00000| PB 0x0000000089e00000| Untracked 
|  71|0x0000000089f00000, 0x0000000089f00000, 0x000000008a000000|  0%| F|  |TAMS 0x0000000089f00000| PB 0x0000000089f00000| Untracked 
|  72|0x000000008a000000, 0x000000008a000000, 0x000000008a100000|  0%| F|  |TAMS 0x000000008a000000| PB 0x000000008a000000| Untracked 
|  73|0x000000008a100000, 0x000000008a100000, 0x000000008a200000|  0%| F|  |TAMS 0x000000008a100000| PB 0x000000008a100000| Untracked 
|  74|0x000000008a200000, 0x000000008a200000, 0x000000008a300000|  0%| F|  |TAMS 0x000000008a200000| PB 0x000000008a200000| Untracked 
|  75|0x000000008a300000, 0x000000008a300000, 0x000000008a400000|  0%| F|  |TAMS 0x000000008a300000| PB 0x000000008a300000| Untracked 
|  76|0x000000008a400000, 0x000000008a400000, 0x000000008a500000|  0%| F|  |TAMS 0x000000008a400000| PB 0x000000008a400000| Untracked 
|  77|0x000000008a500000, 0x000000008a500000, 0x000000008a600000|  0%| F|  |TAMS 0x000000008a500000| PB 0x000000008a500000| Untracked 
|  78|0x000000008a600000, 0x000000008a600000, 0x000000008a700000|  0%| F|  |TAMS 0x000000008a600000| PB 0x000000008a600000| Untracked 
|  79|0x000000008a700000, 0x000000008a700000, 0x000000008a800000|  0%| F|  |TAMS 0x000000008a700000| PB 0x000000008a700000| Untracked 
|  80|0x000000008a800000, 0x000000008a800000, 0x000000008a900000|  0%| F|  |TAMS 0x000000008a800000| PB 0x000000008a800000| Untracked 
|  81|0x000000008a900000, 0x000000008a900000, 0x000000008aa00000|  0%| F|  |TAMS 0x000000008a900000| PB 0x000000008a900000| Untracked 
|  82|0x000000008aa00000, 0x000000008aa00000, 0x000000008ab00000|  0%| F|  |TAMS 0x000000008aa00000| PB 0x000000008aa00000| Untracked 
|  83|0x000000008ab00000, 0x000000008ab00000, 0x000000008ac00000|  0%| F|  |TAMS 0x000000008ab00000| PB 0x000000008ab00000| Untracked 
|  84|0x000000008ac00000, 0x000000008ac00000, 0x000000008ad00000|  0%| F|  |TAMS 0x000000008ac00000| PB 0x000000008ac00000| Untracked 
|  85|0x000000008ad00000, 0x000000008ad00000, 0x000000008ae00000|  0%| F|  |TAMS 0x000000008ad00000| PB 0x000000008ad00000| Untracked 
|  86|0x000000008ae00000, 0x000000008ae00000, 0x000000008af00000|  0%| F|  |TAMS 0x000000008ae00000| PB 0x000000008ae00000| Untracked 
|  87|0x000000008af00000, 0x000000008af00000, 0x000000008b000000|  0%| F|  |TAMS 0x000000008af00000| PB 0x000000008af00000| Untracked 
|  88|0x000000008b000000, 0x000000008b000000, 0x000000008b100000|  0%| F|  |TAMS 0x000000008b000000| PB 0x000000008b000000| Untracked 
|  89|0x000000008b100000, 0x000000008b100000, 0x000000008b200000|  0%| F|  |TAMS 0x000000008b100000| PB 0x000000008b100000| Untracked 
|  90|0x000000008b200000, 0x000000008b200000, 0x000000008b300000|  0%| F|  |TAMS 0x000000008b200000| PB 0x000000008b200000| Untracked 
|  91|0x000000008b300000, 0x000000008b300000, 0x000000008b400000|  0%| F|  |TAMS 0x000000008b300000| PB 0x000000008b300000| Untracked 
|  92|0x000000008b400000, 0x000000008b400000, 0x000000008b500000|  0%| F|  |TAMS 0x000000008b400000| PB 0x000000008b400000| Untracked 
|  93|0x000000008b500000, 0x000000008b500000, 0x000000008b600000|  0%| F|  |TAMS 0x000000008b500000| PB 0x000000008b500000| Untracked 
|  94|0x000000008b600000, 0x000000008b600000, 0x000000008b700000|  0%| F|  |TAMS 0x000000008b600000| PB 0x000000008b600000| Untracked 
|  95|0x000000008b700000, 0x000000008b700000, 0x000000008b800000|  0%| F|  |TAMS 0x000000008b700000| PB 0x000000008b700000| Untracked 
|  96|0x000000008b800000, 0x000000008b800000, 0x000000008b900000|  0%| F|  |TAMS 0x000000008b800000| PB 0x000000008b800000| Untracked 
|  97|0x000000008b900000, 0x000000008b900000, 0x000000008ba00000|  0%| F|  |TAMS 0x000000008b900000| PB 0x000000008b900000| Untracked 
|  98|0x000000008ba00000, 0x000000008ba00000, 0x000000008bb00000|  0%| F|  |TAMS 0x000000008ba00000| PB 0x000000008ba00000| Untracked 
|  99|0x000000008bb00000, 0x000000008bb00000, 0x000000008bc00000|  0%| F|  |TAMS 0x000000008bb00000| PB 0x000000008bb00000| Untracked 
| 100|0x000000008bc00000, 0x000000008bc00000, 0x000000008bd00000|  0%| F|  |TAMS 0x000000008bc00000| PB 0x000000008bc00000| Untracked 
| 101|0x000000008bd00000, 0x000000008bd00000, 0x000000008be00000|  0%| F|  |TAMS 0x000000008bd00000| PB 0x000000008bd00000| Untracked 
| 102|0x000000008be00000, 0x000000008be00000, 0x000000008bf00000|  0%| F|  |TAMS 0x000000008be00000| PB 0x000000008be00000| Untracked 
| 103|0x000000008bf00000, 0x000000008bf27120, 0x000000008c000000| 15%| E|  |TAMS 0x000000008bf00000| PB 0x000000008bf00000| Complete 
| 104|0x000000008c000000, 0x000000008c0ed608, 0x000000008c100000| 92%| E|  |TAMS 0x000000008c000000| PB 0x000000008c000000| Complete 
| 105|0x000000008c100000, 0x000000008c200000, 0x000000008c200000|100%| E|CS|TAMS 0x000000008c100000| PB 0x000000008c100000| Complete 
| 106|0x000000008c200000, 0x000000008c300000, 0x000000008c300000|100%| E|CS|TAMS 0x000000008c200000| PB 0x000000008c200000| Complete 
| 107|0x000000008c300000, 0x000000008c400000, 0x000000008c400000|100%| E|CS|TAMS 0x000000008c300000| PB 0x000000008c300000| Complete 
| 108|0x000000008c400000, 0x000000008c500000, 0x000000008c500000|100%| E|CS|TAMS 0x000000008c400000| PB 0x000000008c400000| Complete 
| 109|0x000000008c500000, 0x000000008c600000, 0x000000008c600000|100%| E|CS|TAMS 0x000000008c500000| PB 0x000000008c500000| Complete 
| 110|0x000000008c600000, 0x000000008c700000, 0x000000008c700000|100%| E|CS|TAMS 0x000000008c600000| PB 0x000000008c600000| Complete 
| 111|0x000000008c700000, 0x000000008c800000, 0x000000008c800000|100%| E|CS|TAMS 0x000000008c700000| PB 0x000000008c700000| Complete 
| 112|0x000000008c800000, 0x000000008c900000, 0x000000008c900000|100%| E|CS|TAMS 0x000000008c800000| PB 0x000000008c800000| Complete 
| 113|0x000000008c900000, 0x000000008ca00000, 0x000000008ca00000|100%| E|CS|TAMS 0x000000008c900000| PB 0x000000008c900000| Complete 
| 114|0x000000008ca00000, 0x000000008cb00000, 0x000000008cb00000|100%| E|CS|TAMS 0x000000008ca00000| PB 0x000000008ca00000| Complete 
| 115|0x000000008cb00000, 0x000000008cc00000, 0x000000008cc00000|100%| E|CS|TAMS 0x000000008cb00000| PB 0x000000008cb00000| Complete 
| 116|0x000000008cc00000, 0x000000008cd00000, 0x000000008cd00000|100%| E|CS|TAMS 0x000000008cc00000| PB 0x000000008cc00000| Complete 
| 117|0x000000008cd00000, 0x000000008ce00000, 0x000000008ce00000|100%| E|CS|TAMS 0x000000008cd00000| PB 0x000000008cd00000| Complete 
| 118|0x000000008ce00000, 0x000000008cf00000, 0x000000008cf00000|100%| E|CS|TAMS 0x000000008ce00000| PB 0x000000008ce00000| Complete 
| 119|0x000000008cf00000, 0x000000008d000000, 0x000000008d000000|100%| E|CS|TAMS 0x000000008cf00000| PB 0x000000008cf00000| Complete 
| 120|0x000000008d000000, 0x000000008d100000, 0x000000008d100000|100%| E|CS|TAMS 0x000000008d000000| PB 0x000000008d000000| Complete 
| 121|0x000000008d100000, 0x000000008d200000, 0x000000008d200000|100%| E|CS|TAMS 0x000000008d100000| PB 0x000000008d100000| Complete 
| 122|0x000000008d200000, 0x000000008d300000, 0x000000008d300000|100%| E|CS|TAMS 0x000000008d200000| PB 0x000000008d200000| Complete 
| 123|0x000000008d300000, 0x000000008d400000, 0x000000008d400000|100%| E|CS|TAMS 0x000000008d300000| PB 0x000000008d300000| Complete 

Card table byte_map: [0x0000019dd1fa0000,0x0000019dd2380000] _byte_map_base: 0x0000019dd1b74000

Marking Bits: (CMBitMap*) 0x0000019dba499120
 Bits: [0x0000019dd2380000, 0x0000019dd4220000)

Polling page: 0x0000019db8330000

Metaspace:

Usage:
  Non-class:      6.40 MB used.
      Class:    531.71 KB used.
       Both:      6.92 MB used.

Virtual space:
  Non-class space:       64.00 MB reserved,       6.50 MB ( 10%) committed,  1 nodes.
      Class space:        1.00 GB reserved,     640.00 KB ( <1%) committed,  1 nodes.
             Both:        1.06 GB reserved,       7.12 MB ( <1%) committed. 

Chunk freelists:
   Non-Class:  7.42 MB
       Class:  15.34 MB
        Both:  22.77 MB

MaxMetaspaceSize: unlimited
CompressedClassSpaceSize: 1.00 GB
Initial GC threshold: 21.00 MB
Current GC threshold: 21.00 MB
CDS: on
 - commit_granule_bytes: 65536.
 - commit_granule_words: 8192.
 - virtual_space_node_default_size: 8388608.
 - enlarge_chunks_in_place: 1.
 - use_allocation_guard: 0.


Internal statistics:

num_allocs_failed_limit: 0.
num_arena_births: 66.
num_arena_deaths: 0.
num_vsnodes_births: 2.
num_vsnodes_deaths: 0.
num_space_committed: 112.
num_space_uncommitted: 0.
num_chunks_returned_to_freelist: 0.
num_chunks_taken_from_freelist: 267.
num_chunk_merges: 0.
num_chunk_splits: 195.
num_chunks_enlarged: 160.
num_inconsistent_stats: 0.

CodeHeap 'non-profiled nmethods': size=120000Kb used=368Kb max_used=368Kb free=119631Kb
 bounds [0x0000019dca360000, 0x0000019dca5d0000, 0x0000019dd1890000]
CodeHeap 'profiled nmethods': size=120000Kb used=2082Kb max_used=2082Kb free=117918Kb
 bounds [0x0000019dc2890000, 0x0000019dc2b00000, 0x0000019dc9dc0000]
CodeHeap 'non-nmethods': size=5760Kb used=2527Kb max_used=2538Kb free=3232Kb
 bounds [0x0000019dc9dc0000, 0x0000019dca040000, 0x0000019dca360000]
 total_blobs=2323 nmethods=1178 adapters=1050
 compilation: enabled
              stopped_count=0, restarted_count=0
 full_count=0

Compilation events (20 events):
Event: 1.924 Thread 0x0000019e1c010060 1169       1       com.badlogic.gdx.graphics.g2d.TextureRegion::getU2 (5 bytes)
Event: 1.924 Thread 0x0000019e1c010060 nmethod 1169 0x0000019dca3bb690 code [0x0000019dca3bb820, 0x0000019dca3bb8e8]
Event: 1.924 Thread 0x0000019e1c010060 1170       1       com.badlogic.gdx.graphics.g2d.TextureRegion::getV (5 bytes)
Event: 1.924 Thread 0x0000019e1c010060 nmethod 1170 0x0000019dca3bb990 code [0x0000019dca3bbb20, 0x0000019dca3bbbe8]
Event: 1.924 Thread 0x0000019e1c010060 1171       3       com.badlogic.gdx.maps.tiled.TiledMapTileLayer::getCell (37 bytes)
Event: 1.924 Thread 0x0000019e1c010060 nmethod 1171 0x0000019dc2a96110 code [0x0000019dc2a962e0, 0x0000019dc2a96598]
Event: 1.925 Thread 0x0000019e1c010060 1172       3       com.badlogic.gdx.utils.Array::ensureCapacity (75 bytes)
Event: 1.925 Thread 0x0000019e1c010060 nmethod 1172 0x0000019dc2a96710 code [0x0000019dc2a96980, 0x0000019dc2a97220]
Event: 1.926 Thread 0x0000019e1c010060 1173       1       com.badlogic.gdx.graphics.glutils.ImmediateModeRenderer20::getMaxVertices (5 bytes)
Event: 1.926 Thread 0x0000019e1c010060 nmethod 1173 0x0000019dca3bbc90 code [0x0000019dca3bbe20, 0x0000019dca3bbee8]
Event: 1.926 Thread 0x0000019e1c010060 1175       3       com.badlogic.gdx.graphics.Color::toFloatBits (40 bytes)
Event: 1.926 Thread 0x0000019e1c010060 nmethod 1175 0x0000019dc2a97590 code [0x0000019dc2a97780, 0x0000019dc2a97988]
Event: 1.926 Thread 0x0000019e1c010060 1176       3       com.badlogic.gdx.graphics.glutils.ImmediateModeRenderer20::vertex (63 bytes)
Event: 1.926 Thread 0x0000019e1c010060 nmethod 1176 0x0000019dc2a97a90 code [0x0000019dc2a97c40, 0x0000019dc2a97de0]
Event: 1.926 Thread 0x0000019e1c010060 1177       3       com.badlogic.gdx.graphics.glutils.ImmediateModeRenderer20::color (23 bytes)
Event: 1.926 Thread 0x0000019e1c010060 nmethod 1177 0x0000019dc2a97f10 code [0x0000019dc2a980c0, 0x0000019dc2a98240]
Event: 1.926 Thread 0x0000019e1c010060 1178       3       com.badlogic.gdx.graphics.Mesh::setVertices (14 bytes)
Event: 1.926 Thread 0x0000019e1c010060 nmethod 1178 0x0000019dc2a98390 code [0x0000019dc2a98540, 0x0000019dc2a98720]
Event: 1.926 Thread 0x0000019e1c010060 1174       1       com.badlogic.gdx.graphics.glutils.ImmediateModeRenderer20::getNumVertices (5 bytes)
Event: 1.926 Thread 0x0000019e1c010060 nmethod 1174 0x0000019dca3bbf90 code [0x0000019dca3bc120, 0x0000019dca3bc1e8]

GC Heap History (0 events):
No events

Dll operation events (10 events):
Event: 0.012 Loaded shared library C:\Program Files\Java\jdk-21\bin\java.dll
Event: 0.056 Loaded shared library C:\Program Files\Java\jdk-21\bin\jsvml.dll
Event: 0.115 Loaded shared library C:\Program Files\Java\jdk-21\bin\net.dll
Event: 0.118 Loaded shared library C:\Program Files\Java\jdk-21\bin\nio.dll
Event: 0.123 Loaded shared library C:\Program Files\Java\jdk-21\bin\zip.dll
Event: 0.202 Loaded shared library C:\Program Files\Java\jdk-21\bin\jimage.dll
Event: 0.210 Loaded shared library C:\Users\buiph\AppData\Local\Temp\libgdxbuiph\2a9d7f76\gdx64.dll
Event: 0.286 Loaded shared library C:\Users\buiph\AppData\Local\Temp\lwjgl_buiph\3.3.3+5\x64\lwjgl.dll
Event: 0.693 Loaded shared library C:\Users\buiph\AppData\Local\Temp\lwjgl_buiph\3.3.3+5\x64\lwjgl_opengl.dll
Event: 1.777 Loaded shared library C:\Users\buiph\AppData\Local\Temp\libgdxbuiph\5e84b8da\gdx-box2d64.dll

Deoptimization events (20 events):
Event: 0.144 Thread 0x0000019db8379790 DEOPT PACKING pc=0x0000019dc28ac599 sp=0x00000041b8cfaec0
Event: 0.144 Thread 0x0000019db8379790 DEOPT UNPACKING pc=0x0000019dc9e188e2 sp=0x00000041b8cfa2e0 mode 0
Event: 0.147 Thread 0x0000019db8379790 DEOPT PACKING pc=0x0000019dc28aefe7 sp=0x00000041b8cfaaf0
Event: 0.147 Thread 0x0000019db8379790 DEOPT UNPACKING pc=0x0000019dc9e188e2 sp=0x00000041b8cf9f78 mode 0
Event: 0.150 Thread 0x0000019db8379790 DEOPT PACKING pc=0x0000019dc2899661 sp=0x00000041b8cf8880
Event: 0.150 Thread 0x0000019db8379790 DEOPT UNPACKING pc=0x0000019dc9e188e2 sp=0x00000041b8cf7ce8 mode 0
Event: 0.206 Thread 0x0000019db8379790 Uncommon trap: trap_request=0xffffff45 fr.pc=0x0000019dca36c890 relative=0x0000000000000070
Event: 0.206 Thread 0x0000019db8379790 Uncommon trap: reason=unstable_if action=reinterpret pc=0x0000019dca36c890 method=java.io.WinNTFileSystem.isSlash(C)Z @ 9 c2
Event: 0.206 Thread 0x0000019db8379790 DEOPT PACKING pc=0x0000019dca36c890 sp=0x00000041b8cfea20
Event: 0.206 Thread 0x0000019db8379790 DEOPT UNPACKING pc=0x0000019dc9e17da2 sp=0x00000041b8cfe9a8 mode 2
Event: 0.283 Thread 0x0000019db8379790 Uncommon trap: trap_request=0xffffff45 fr.pc=0x0000019dca36d16c relative=0x000000000000004c
Event: 0.283 Thread 0x0000019db8379790 Uncommon trap: reason=unstable_if action=reinterpret pc=0x0000019dca36d16c method=sun.nio.fs.WindowsPathParser.isSlash(C)Z @ 9 c2
Event: 0.283 Thread 0x0000019db8379790 DEOPT PACKING pc=0x0000019dca36d16c sp=0x00000041b8cfb5e0
Event: 0.283 Thread 0x0000019db8379790 DEOPT UNPACKING pc=0x0000019dc9e17da2 sp=0x00000041b8cfb568 mode 2
Event: 0.288 Thread 0x0000019db8379790 DEOPT PACKING pc=0x0000019dc28bb795 sp=0x00000041b8cf5430
Event: 0.288 Thread 0x0000019db8379790 DEOPT UNPACKING pc=0x0000019dc9e188e2 sp=0x00000041b8cf48a8 mode 0
Event: 0.464 Thread 0x0000019db8379790 DEOPT PACKING pc=0x0000019dc28bcfce sp=0x00000041b8cfbc50
Event: 0.464 Thread 0x0000019db8379790 DEOPT UNPACKING pc=0x0000019dc9e188e2 sp=0x00000041b8cfb0c8 mode 0
Event: 0.560 Thread 0x0000019e1ca9d940 DEOPT PACKING pc=0x0000019dc28c008e sp=0x00000041ba5fdf60
Event: 0.560 Thread 0x0000019e1ca9d940 DEOPT UNPACKING pc=0x0000019dc9e188e2 sp=0x00000041ba5fd3d0 mode 0

Classes loaded (20 events):
Event: 1.039 Loading class java/io/InputStreamReader
Event: 1.039 Loading class java/io/InputStreamReader done
Event: 1.039 Loading class java/io/UnsupportedEncodingException
Event: 1.039 Loading class java/io/UnsupportedEncodingException done
Event: 1.041 Loading class java/io/BufferedReader
Event: 1.041 Loading class java/io/BufferedReader done
Event: 1.042 Loading class sun/nio/cs/StreamDecoder
Event: 1.042 Loading class sun/nio/cs/StreamDecoder done
Event: 1.127 Loading class java/lang/SecurityException
Event: 1.127 Loading class java/lang/SecurityException done
Event: 1.127 Loading class java/lang/reflect/InvocationTargetException
Event: 1.127 Loading class java/lang/reflect/InvocationTargetException done
Event: 1.787 Loading class java/util/zip/GZIPInputStream
Event: 1.787 Loading class java/util/zip/GZIPInputStream done
Event: 1.791 Loading class java/lang/NegativeArraySizeException
Event: 1.791 Loading class java/lang/NegativeArraySizeException done
Event: 1.791 Loading class java/lang/StringIndexOutOfBoundsException
Event: 1.791 Loading class java/lang/StringIndexOutOfBoundsException done
Event: 1.791 Loading class java/lang/ArrayIndexOutOfBoundsException
Event: 1.791 Loading class java/lang/ArrayIndexOutOfBoundsException done

Classes unloaded (0 events):
No events

Classes redefined (0 events):
No events

Internal exceptions (20 events):
Event: 0.345 Thread 0x0000019db8379790 Exception <a 'java/lang/NoSuchMethodError'{0x000000008cd2df18}: 'int java.lang.invoke.DirectMethodHandle$Holder.invokeStaticInit(java.lang.Object, java.lang.Object, int, long)'> (0x000000008cd2df18) 
thrown [s\open\src\hotspot\share\interpreter\linkResolver.cpp, line 773]
Event: 0.346 Thread 0x0000019db8379790 Exception <a 'java/lang/NoSuchMethodError'{0x000000008cd32f40}: 'java.lang.Object java.lang.invoke.DirectMethodHandle$Holder.newInvokeSpecial(java.lang.Object, java.lang.Object, int)'> (0x000000008cd32f40) 
thrown [s\open\src\hotspot\share\interpreter\linkResolver.cpp, line 773]
Event: 0.348 Thread 0x0000019db8379790 Exception <a 'java/lang/NoSuchMethodError'{0x000000008cd44700}: 'int java.lang.invoke.DirectMethodHandle$Holder.invokeStaticInit(java.lang.Object, java.lang.Object, long, long)'> (0x000000008cd44700) 
thrown [s\open\src\hotspot\share\interpreter\linkResolver.cpp, line 773]
Event: 0.348 Thread 0x0000019db8379790 Exception <a 'java/lang/NoSuchMethodError'{0x000000008cd49f68}: 'java.lang.Object java.lang.invoke.DirectMethodHandle$Holder.newInvokeSpecial(java.lang.Object, java.lang.Object, long)'> (0x000000008cd49f68) 
thrown [s\open\src\hotspot\share\interpreter\linkResolver.cpp, line 773]
Event: 0.349 Thread 0x0000019db8379790 Exception <a 'java/lang/NoSuchMethodError'{0x000000008cd4dd20}: 'java.lang.Object java.lang.invoke.Invokers$Holder.linkToTargetMethod(java.lang.Object, long, java.lang.Object)'> (0x000000008cd4dd20) 
thrown [s\open\src\hotspot\share\interpreter\linkResolver.cpp, line 773]
Event: 0.349 Thread 0x0000019db8379790 Exception <a 'java/lang/NoSuchMethodError'{0x000000008cd54de0}: 'int java.lang.invoke.DirectMethodHandle$Holder.invokeStaticInit(java.lang.Object, java.lang.Object, java.lang.Object, long)'> (0x000000008cd54de0) 
thrown [s\open\src\hotspot\share\interpreter\linkResolver.cpp, line 773]
Event: 0.366 Thread 0x0000019db8379790 Exception <a 'sun/nio/fs/WindowsException'{0x000000008cddeff0}> (0x000000008cddeff0) 
thrown [s\open\src\hotspot\share\prims\jni.cpp, line 520]
Event: 0.366 Thread 0x0000019db8379790 Exception <a 'sun/nio/fs/WindowsException'{0x000000008cddf380}> (0x000000008cddf380) 
thrown [s\open\src\hotspot\share\prims\jni.cpp, line 520]
Event: 0.401 Thread 0x0000019db8379790 Exception <a 'sun/nio/fs/WindowsException'{0x000000008cc8c9f8}> (0x000000008cc8c9f8) 
thrown [s\open\src\hotspot\share\prims\jni.cpp, line 520]
Event: 0.402 Thread 0x0000019db8379790 Exception <a 'sun/nio/fs/WindowsException'{0x000000008cc8cd58}> (0x000000008cc8cd58) 
thrown [s\open\src\hotspot\share\prims\jni.cpp, line 520]
Event: 0.406 Thread 0x0000019db8379790 Exception <a 'java/lang/NoSuchMethodError'{0x000000008cc93ed8}: 'int java.lang.invoke.Invokers$Holder.invokeExact_MT(java.lang.Object, java.lang.Object)'> (0x000000008cc93ed8) 
thrown [s\open\src\hotspot\share\interpreter\linkResolver.cpp, line 773]
Event: 0.455 Thread 0x0000019db8379790 Exception <a 'sun/nio/fs/WindowsException'{0x000000008cb25258}> (0x000000008cb25258) 
thrown [s\open\src\hotspot\share\prims\jni.cpp, line 520]
Event: 0.455 Thread 0x0000019db8379790 Exception <a 'sun/nio/fs/WindowsException'{0x000000008cb255d8}> (0x000000008cb255d8) 
thrown [s\open\src\hotspot\share\prims\jni.cpp, line 520]
Event: 0.541 Thread 0x0000019db8379790 Exception <a 'java/lang/NoSuchMethodError'{0x000000008cb64478}: 'java.lang.Object java.lang.invoke.DirectMethodHandle$Holder.newInvokeSpecial(java.lang.Object, long)'> (0x000000008cb64478) 
thrown [s\open\src\hotspot\share\interpreter\linkResolver.cpp, line 773]
Event: 0.687 Thread 0x0000019db8379790 Exception <a 'java/lang/NoSuchMethodError'{0x000000008ca93cf0}: 'void java.lang.System.load(java.lang.String, java.lang.Class)'> (0x000000008ca93cf0) 
thrown [s\open\src\hotspot\share\interpreter\linkResolver.cpp, line 773]
Event: 0.688 Thread 0x0000019db8379790 Exception <a 'java/lang/NoSuchMethodError'{0x000000008ca96690}: 'void java.lang.System.loadLibrary(java.lang.String, java.lang.Class)'> (0x000000008ca96690) 
thrown [s\open\src\hotspot\share\interpreter\linkResolver.cpp, line 773]
Event: 0.692 Thread 0x0000019db8379790 Exception <a 'sun/nio/fs/WindowsException'{0x000000008caa7770}> (0x000000008caa7770) 
thrown [s\open\src\hotspot\share\prims\jni.cpp, line 520]
Event: 0.692 Thread 0x0000019db8379790 Exception <a 'sun/nio/fs/WindowsException'{0x000000008caa7b10}> (0x000000008caa7b10) 
thrown [s\open\src\hotspot\share\prims\jni.cpp, line 520]
Event: 0.696 Thread 0x0000019db8379790 Exception <a 'sun/nio/fs/WindowsException'{0x000000008cab4418}> (0x000000008cab4418) 
thrown [s\open\src\hotspot\share\prims\jni.cpp, line 520]
Event: 0.696 Thread 0x0000019db8379790 Exception <a 'sun/nio/fs/WindowsException'{0x000000008cab46e8}> (0x000000008cab46e8) 
thrown [s\open\src\hotspot\share\prims\jni.cpp, line 520]

ZGC Phase Switch (0 events):
No events

VM Operations (14 events):
Event: 0.129 Executing VM operation: HandshakeAllThreads (Deoptimize)
Event: 0.129 Executing VM operation: HandshakeAllThreads (Deoptimize) done
Event: 0.206 Executing VM operation: HandshakeAllThreads (Deoptimize)
Event: 0.206 Executing VM operation: HandshakeAllThreads (Deoptimize) done
Event: 0.254 Executing VM operation: HandshakeAllThreads (Deoptimize)
Event: 0.254 Executing VM operation: HandshakeAllThreads (Deoptimize) done
Event: 1.259 Executing VM operation: Cleanup
Event: 1.259 Executing VM operation: Cleanup done
Event: 1.777 Executing VM operation: HandshakeAllThreads (Deoptimize)
Event: 1.777 Executing VM operation: HandshakeAllThreads (Deoptimize) done
Event: 1.784 Executing VM operation: HandshakeAllThreads (Deoptimize)
Event: 1.784 Executing VM operation: HandshakeAllThreads (Deoptimize) done
Event: 1.785 Executing VM operation: HandshakeAllThreads (Deoptimize)
Event: 1.785 Executing VM operation: HandshakeAllThreads (Deoptimize) done

Events (16 events):
Event: 0.034 Thread 0x0000019db8379790 Thread added: 0x0000019db8379790
Event: 0.052 Thread 0x0000019dd6945e00 Thread added: 0x0000019dd6945e00
Event: 0.052 Thread 0x0000019dd6946cd0 Thread added: 0x0000019dd6946cd0
Event: 0.053 Thread 0x0000019dd6949290 Thread added: 0x0000019dd6949290
Event: 0.053 Thread 0x0000019dd694a050 Thread added: 0x0000019dd694a050
Event: 0.053 Thread 0x0000019dd694ac60 Thread added: 0x0000019dd694ac60
Event: 0.053 Thread 0x0000019dd69541d0 Thread added: 0x0000019dd69541d0
Event: 0.053 Thread 0x0000019dd6960870 Thread added: 0x0000019dd6960870
Event: 0.053 Thread 0x0000019e1c010060 Thread added: 0x0000019e1c010060
Event: 0.104 Thread 0x0000019e1c13b680 Thread added: 0x0000019e1c13b680
Event: 0.108 Thread 0x0000019e1c140920 Thread added: 0x0000019e1c140920
Event: 0.168 Thread 0x0000019e1c4b3d50 Thread added: 0x0000019e1c4b3d50
Event: 0.553 Thread 0x0000019e1ca9d940 Thread added: 0x0000019e1ca9d940
Event: 0.688 Thread 0x0000019e1c4b3d50 Thread exited: 0x0000019e1c4b3d50
Event: 1.124 Thread 0x0000019e1edd2a20 Thread added: 0x0000019e1edd2a20
Event: 1.870 Thread 0x0000019e1edee9b0 Thread added: 0x0000019e1edee9b0


Dynamic libraries:
0x00007ff721010000 - 0x00007ff721020000 	C:\Program Files\Java\jdk-21\bin\java.exe
0x00007ffea1dd0000 - 0x00007ffea1fe7000 	C:\WINDOWS\SYSTEM32\ntdll.dll
0x00007ffea0b10000 - 0x00007ffea0bd4000 	C:\WINDOWS\System32\KERNEL32.DLL
0x00007ffe9f5b0000 - 0x00007ffe9f957000 	C:\WINDOWS\System32\KERNELBASE.dll
0x00007ffe9f490000 - 0x00007ffe9f5a1000 	C:\WINDOWS\System32\ucrtbase.dll
0x00007ffe85560000 - 0x00007ffe8557b000 	C:\Program Files\Java\jdk-21\bin\VCRUNTIME140.dll
0x00007ffe85b20000 - 0x00007ffe85b39000 	C:\Program Files\Java\jdk-21\bin\jli.dll
0x00007ffea05a0000 - 0x00007ffea0652000 	C:\WINDOWS\System32\ADVAPI32.dll
0x00007ffea0be0000 - 0x00007ffea0c87000 	C:\WINDOWS\System32\msvcrt.dll
0x00007ffea0920000 - 0x00007ffea09c8000 	C:\WINDOWS\System32\sechost.dll
0x00007ffe9f960000 - 0x00007ffe9f988000 	C:\WINDOWS\System32\bcrypt.dll
0x00007ffea11f0000 - 0x00007ffea1305000 	C:\WINDOWS\System32\RPCRT4.dll
0x00007ffea0390000 - 0x00007ffea053e000 	C:\WINDOWS\System32\USER32.dll
0x00007ffe80680000 - 0x00007ffe80913000 	C:\WINDOWS\WinSxS\amd64_microsoft.windows.common-controls_6595b64144ccf1df_6.0.22621.3527_none_270e469b73872a76\COMCTL32.dll
0x00007ffe9f990000 - 0x00007ffe9f9b6000 	C:\WINDOWS\System32\win32u.dll
0x00007ffea1020000 - 0x00007ffea1049000 	C:\WINDOWS\System32\GDI32.dll
0x00007ffe9f0f0000 - 0x00007ffe9f209000 	C:\WINDOWS\System32\gdi32full.dll
0x00007ffe9f210000 - 0x00007ffe9f2aa000 	C:\WINDOWS\System32\msvcp_win.dll
0x00007ffe95750000 - 0x00007ffe9575a000 	C:\WINDOWS\SYSTEM32\VERSION.dll
0x00007ffea10b0000 - 0x00007ffea10e1000 	C:\WINDOWS\System32\IMM32.DLL
0x00007ffe85550000 - 0x00007ffe8555c000 	C:\Program Files\Java\jdk-21\bin\vcruntime140_1.dll
0x00007ffe67f20000 - 0x00007ffe67fae000 	C:\Program Files\Java\jdk-21\bin\msvcp140.dll
0x00007ffe3fd70000 - 0x00007ffe40a85000 	C:\Program Files\Java\jdk-21\bin\server\jvm.dll
0x00007ffe9fcd0000 - 0x00007ffe9fd41000 	C:\WINDOWS\System32\WS2_32.dll
0x00007ffe9df30000 - 0x00007ffe9df7d000 	C:\WINDOWS\SYSTEM32\POWRPROF.dll
0x00007ffe94910000 - 0x00007ffe94944000 	C:\WINDOWS\SYSTEM32\WINMM.dll
0x00007ffe9df10000 - 0x00007ffe9df23000 	C:\WINDOWS\SYSTEM32\UMPDC.dll
0x00007ffe9e1d0000 - 0x00007ffe9e1e8000 	C:\WINDOWS\SYSTEM32\kernel.appcore.dll
0x00007ffe85540000 - 0x00007ffe8554a000 	C:\Program Files\Java\jdk-21\bin\jimage.dll
0x00007ffe9c5f0000 - 0x00007ffe9c822000 	C:\WINDOWS\SYSTEM32\DBGHELP.DLL
0x00007ffea0c90000 - 0x00007ffea1018000 	C:\WINDOWS\System32\combase.dll
0x00007ffea0a30000 - 0x00007ffea0b07000 	C:\WINDOWS\System32\OLEAUT32.dll
0x00007ffe7baa0000 - 0x00007ffe7bad2000 	C:\WINDOWS\SYSTEM32\dbgcore.DLL
0x00007ffe9f9c0000 - 0x00007ffe9fa39000 	C:\WINDOWS\System32\bcryptPrimitives.dll
0x00007ffe85500000 - 0x00007ffe8551f000 	C:\Program Files\Java\jdk-21\bin\java.dll
0x00007ffea1310000 - 0x00007ffea1b6c000 	C:\WINDOWS\System32\SHELL32.dll
0x00007ffe9cff0000 - 0x00007ffe9d8e6000 	C:\WINDOWS\SYSTEM32\windows.storage.dll
0x00007ffe9ceb0000 - 0x00007ffe9cfee000 	C:\WINDOWS\SYSTEM32\wintypes.dll
0x00007ffea1b70000 - 0x00007ffea1c65000 	C:\WINDOWS\System32\SHCORE.dll
0x00007ffea09d0000 - 0x00007ffea0a2e000 	C:\WINDOWS\System32\shlwapi.dll
0x00007ffe9f020000 - 0x00007ffe9f041000 	C:\WINDOWS\SYSTEM32\profapi.dll
0x00007ffe67e40000 - 0x00007ffe67f17000 	C:\Program Files\Java\jdk-21\bin\jsvml.dll
0x00007ffe853d0000 - 0x00007ffe853e0000 	C:\Program Files\Java\jdk-21\bin\net.dll
0x00007ffe96f90000 - 0x00007ffe970c6000 	C:\WINDOWS\SYSTEM32\WINHTTP.dll
0x00007ffe9e630000 - 0x00007ffe9e699000 	C:\WINDOWS\system32\mswsock.dll
0x00007ffe853b0000 - 0x00007ffe853c6000 	C:\Program Files\Java\jdk-21\bin\nio.dll
0x00007ffe819f0000 - 0x00007ffe81a08000 	C:\Program Files\Java\jdk-21\bin\zip.dll
0x000000006e700000 - 0x000000006e72d000 	C:\Users\buiph\AppData\Local\Temp\libgdxbuiph\2a9d7f76\gdx64.dll
0x00007ffe85aa0000 - 0x00007ffe85b1b000 	C:\Users\buiph\AppData\Local\Temp\lwjgl_buiph\3.3.3+5\x64\lwjgl.dll
0x00007ffe487c0000 - 0x00007ffe48a30000 	C:\Users\buiph\AppData\Local\Temp\lwjgl_buiph\3.3.3+5\x64\jemalloc.dll
0x00007ffe85a10000 - 0x00007ffe85a92000 	C:\Users\buiph\AppData\Local\Temp\lwjgl_buiph\3.3.3+5\x64\glfw.dll
0x00007ffe824d0000 - 0x00007ffe82516000 	C:\WINDOWS\SYSTEM32\dinput8.dll
0x00007ffe859f0000 - 0x00007ffe85a01000 	C:\WINDOWS\SYSTEM32\xinput1_4.dll
0x00007ffe9edd0000 - 0x00007ffe9ee1e000 	C:\WINDOWS\SYSTEM32\cfgmgr32.dll
0x00007ffe9eda0000 - 0x00007ffe9edcc000 	C:\WINDOWS\SYSTEM32\DEVOBJ.dll
0x00007ffe99a00000 - 0x00007ffe99a2b000 	C:\WINDOWS\SYSTEM32\dwmapi.dll
0x00007ffe81530000 - 0x00007ffe8173c000 	C:\WINDOWS\SYSTEM32\inputhost.dll
0x00007ffe99380000 - 0x00007ffe994b3000 	C:\WINDOWS\SYSTEM32\CoreMessaging.dll
0x00007ffe997c0000 - 0x00007ffe9986b000 	C:\WINDOWS\system32\uxtheme.dll
0x00007ffe9fb00000 - 0x00007ffe9fc53000 	C:\WINDOWS\System32\MSCTF.dll
0x00007ffe9e880000 - 0x00007ffe9e88c000 	C:\WINDOWS\SYSTEM32\CRYPTBASE.DLL
0x00007ffe54350000 - 0x00007ffe54517000 	C:\Users\buiph\AppData\Local\Temp\lwjgl_buiph\3.3.3+5\x64\OpenAL.dll
0x00007ffea0660000 - 0x00007ffea0805000 	C:\WINDOWS\System32\ole32.dll
0x00007ffea1ce0000 - 0x00007ffea1d90000 	C:\WINDOWS\System32\clbcatq.dll
0x00007ffe8f4f0000 - 0x00007ffe8f58d000 	C:\WINDOWS\System32\MMDevApi.dll
0x00007ffe80e20000 - 0x00007ffe8100c000 	C:\WINDOWS\SYSTEM32\AUDIOSES.DLL
0x00007ffe9cb80000 - 0x00007ffe9cb95000 	C:\WINDOWS\SYSTEM32\resourcepolicyclient.dll
0x00007ffe83a40000 - 0x00007ffe83b40000 	C:\WINDOWS\SYSTEM32\opengl32.dll
0x00007ffe85c00000 - 0x00007ffe85c2d000 	C:\WINDOWS\SYSTEM32\GLU32.dll
0x00007ffe9c4c0000 - 0x00007ffe9c4f9000 	C:\WINDOWS\SYSTEM32\dxcore.dll
0x00007ffe96200000 - 0x00007ffe9624a000 	C:\WINDOWS\SYSTEM32\directxdatabasehelper.dll
0x00007ffe94620000 - 0x00007ffe94757000 	C:\Windows\System32\AppXDeploymentClient.dll
0x00007ffe760d0000 - 0x00007ffe761cc000 	C:\Windows\System32\Windows.ApplicationModel.dll
0x00007ffe96e60000 - 0x00007ffe96f61000 	C:\WINDOWS\system32\propsys.dll
0x00007ffe581d0000 - 0x00007ffe581f6000 	C:\WINDOWS\system32\mssprxy.dll
0x00007ffe28cf0000 - 0x00007ffe29f59000 	C:\WINDOWS\System32\DriverStore\FileRepository\iigd_dch.inf_amd64_46a183a099a0cf25\igxelpicd64.dll
0x00007ffe998f0000 - 0x00007ffe999e7000 	C:\WINDOWS\system32\dxgi.dll
0x00007ffe45a30000 - 0x00007ffe45d7c000 	C:\WINDOWS\System32\DriverStore\FileRepository\iigd_dch.inf_amd64_46a183a099a0cf25\igdml64.dll
0x00007ffe90b50000 - 0x00007ffe90f8e000 	C:\WINDOWS\System32\DriverStore\FileRepository\iigd_dch.inf_amd64_46a183a099a0cf25\igdgmm64.dll
0x00007ffe88fa0000 - 0x00007ffe8cff4000 	C:\WINDOWS\System32\DriverStore\FileRepository\iigd_dch.inf_amd64_46a183a099a0cf25\igc64.dll
0x00007ffe82470000 - 0x00007ffe824ce000 	C:\Users\buiph\AppData\Local\Temp\lwjgl_buiph\3.3.3+5\x64\lwjgl_opengl.dll
0x00007ffe79760000 - 0x00007ffe798ab000 	C:\WINDOWS\SYSTEM32\textinputframework.dll
0x00007ffe95820000 - 0x00007ffe95b8c000 	C:\WINDOWS\SYSTEM32\CoreUIComponents.dll
0x0000000066b00000 - 0x0000000066b5a000 	C:\Users\buiph\AppData\Local\Temp\libgdxbuiph\5e84b8da\gdx-box2d64.dll

dbghelp: loaded successfully - version: 4.0.5 - missing functions: none
symbol engine: initialized successfully - sym options: 0x614 - pdb path: .;C:\Program Files\Java\jdk-21\bin;C:\WINDOWS\SYSTEM32;C:\WINDOWS\WinSxS\amd64_microsoft.windows.common-controls_6595b64144ccf1df_6.0.22621.3527_none_270e469b73872a76;C:\Program Files\Java\jdk-21\bin\server;C:\Users\buiph\AppData\Local\Temp\libgdxbuiph\2a9d7f76;C:\Users\buiph\AppData\Local\Temp\lwjgl_buiph\3.3.3+5\x64;C:\WINDOWS\System32\DriverStore\FileRepository\iigd_dch.inf_amd64_46a183a099a0cf25;C:\Users\buiph\AppData\Local\Temp\libgdxbuiph\5e84b8da

VM Arguments:
jvm_args: -Dfile.encoding=windows-1252 -Duser.country=US -Duser.language=en -Duser.variant 
java_command: com.mygdx.game.DesktopLauncher
java_class_path (initial): C:\Users\buiph\Desktop\CODE\main\PGJ-Adventure-Tale\[ProPTIT] Adventure Tale\desktop\build\classes\java\main;C:\Users\buiph\Desktop\CODE\main\PGJ-Adventure-Tale\[ProPTIT] Adventure Tale\desktop\build\resources\main;C:\Users\buiph\.gradle\caches\modules-2\files-2.1\com.badlogicgames.gdx\gdx-backend-lwjgl3\1.12.1\12a144cacb34f0392cd8354f798d99e4836a51a8\gdx-backend-lwjgl3-1.12.1.jar;C:\Users\buiph\.gradle\caches\modules-2\files-2.1\com.badlogicgames.gdx\gdx-platform\1.12.1\5737be5ce3a4e8f9f77c2d9ab95ab479f9c3705f\gdx-platform-1.12.1-natives-desktop.jar;C:\Users\buiph\.gradle\caches\modules-2\files-2.1\com.badlogicgames.gdx\gdx-box2d-platform\1.12.1\4e82228fcdd2e8a7673fe7952588acfdb33d7820\gdx-box2d-platform-1.12.1-natives-desktop.jar;C:\Users\buiph\Desktop\CODE\main\PGJ-Adventure-Tale\[ProPTIT] Adventure Tale\core\build\libs\core-1.0.jar;C:\Users\buiph\.gradle\caches\modules-2\files-2.1\com.badlogicgames.gdx\gdx-box2d\1.12.1\6c37ed04f97d062f1bdc4afe1f583182e539a269\gdx-box2d-1.12.1.jar;C:\Users\buiph\.gradle\caches\modules-2\files-2.1\com.badlogicgames.gdx\gdx\1.12.1\a2d066c09329c457045c284c42d6f37122840aa\gdx-1.12.1.jar;C:\Users\buiph\.gradle\caches\modules-2\files-2.1\org.lwjgl\lwjgl-glfw\3.3.3\efa1eb78c5ccd840e9f329717109b5e892d72f8e\lwjgl-glfw-3.3.3.jar;C:\Users\buiph\.gradle\caches\modules-2\files-2.1\org.lwjgl\lwjgl-glfw\3.3.3\a03684c5e4b1b1dbbe0d29dbbdc27b985b6840f2\lwjgl-glfw-3.3.3-natives-linux.jar;C:\Users\buiph\.gradle\caches\modules-2\files-2.1\org.lwjgl\lwjgl-glfw\3.3.3\d9af485c32545b37dd5359b163161d42d7534dcf\lwjgl-glfw-3.3.3-natives-linux-arm32.jar;C:\Users\buiph\.gradle\caches\modules-2\files-2.1\org.lwjgl\lwjgl-glfw\3.3.3\492a0f11f85b85899a6568f07511160c1b87cd38\lwjgl-glfw-3.3.3-natives-linux-arm64.jar;C:\Users\buiph\.gradle\caches\modules-2\files-2.1\org.lwjgl\lwjgl-glfw\3.3.3\a1bf400f6bc64e6195596cb1430dafda46090751\lwjgl-glfw-3.3.3-natives-macos.jar;C:\Users\buiph\.gradle\caches\modules-2\files-2.1\org.lwjgl\lwjgl-glfw\3.3.3\ee8cc78d0a4a5b3b4600fade6d927c9fc320c858\lwjgl-glfw-3.3.3-natives-macos-arm64.jar;C:\Users\buiph\.gradle\caches\modules-2\files-2.1\org.lwjgl\lwjgl-glfw\3.3.3\e449e28b4891fc423c54c85fbc5bb0b9efece67a\lwjgl-glfw-3.3.3-natives-windows.jar;C:\Users\buiph\.gradle\caches\modules-2\files-2.1\org.lwjgl\lwjgl-glfw\3.3.3\32334f3fd5270a59bad9939a93115acb6de36dcf\lwjgl-glfw-3.3.3-natives-windows-x86.jar;C:\Users\buiph\.gradle\caches\modules-2\files-2.1\org.lwjgl\lwjgl-jemalloc\3.3.3\b543467b7ff3c6920539a88ee602d34098628be5\lwjgl-jemalloc-3.3.3.jar;C:\Users\buiph\.gradle\caches\modules-2\files-2.1\org.lwjgl\lwjgl-jemalloc\3.3.3\4f86728bf449b1dd61251c4e0ac01df1389cb51e\lwjgl-jemalloc-3.3.3-natives-linux.jar;C:\Users\buiph\.gradle\caches\modules-2\files-2.1\org.lwjgl\lwjgl-jemalloc\3.3.3\109b6931880d02d4e65ced38928a16e41d19873e\lwjgl-jemalloc-3.3.3-natives-linux-arm32.jar;C:\Users\buiph\.gradle\caches\modules-2\files-2.1\org.lwjgl\lwjgl-jemalloc\3.3.3\eff8b86798191192fe2cba2dc2776109f30c239d\lwjgl-jemalloc-3.3.3-natives-linux-arm64.jar;C:\Users\buiph\.gradle\caches\modules-2\files-2.1\org.lwjgl\lwjgl-jemalloc\3.3.3\2906637657a57579847238c9c72d2c4bde7083f8\lwjgl-jemalloc-3.3.3-natives-macos.jar;C:\Users\buiph\.gradle\caches\modules-2\files-2.1\org.lwjgl\lwjgl-jemalloc\3.3.3\e9412c3ff8cb3a3bad1d3f52909ad74d8a5bdad1\lwjgl-jemalloc-3.3.3-natives-macos-arm64.jar;C:\Users\buiph\.gradle\caches\modules-2\files-2.1\org.lwjgl\lwjgl-jemalloc\3.3.3\426222fc027602a5f21b9c0fe79cde6a4c7a011f\lwjgl-jemalloc-3.3.3-natives-windows.jar;C:\Users\buiph\.gradle\caches\modules-2\files-2.1\org.lwjgl\lwjgl-jemalloc\3.3.3\f6063b6e0f23be483c5c88d84ce51b39dc69126c\lwjgl-jemalloc-3.3.3-natives-windows-x86.jar;C:\Users\buiph\.gradle\caches\modules-2\files-2.1\org.lwjgl\lwjgl-openal\3.3.3\daada81ceb5fc0c291fbfdd4433cb8d9423577f2\lwjgl-openal-3.3.3.jar;C:\Users\buiph\.gradle\caches\modules-2\files-2.1\org.lwjgl\lwjgl-openal\3.3.3\3037360cc4595079bea240af250b6d1a527e0905\lwjgl-openal-3.3.3-natives-linux.jar;C:\Users\buiph\.gradle\caches\modules-2\files-2.1\org.lwjgl\lwjgl-openal\3.3.3\e1702aa09d20359d6cf5cb2999fa7685a785eca7\lwjgl-openal-3.3.3-natives-linux-arm32.jar;C:\Users\buiph\.gradle\caches\modules-2\files-2.1\org.lwjgl\lwjgl-openal\3.3.3\ad8f302118a65bb8d615f8a2a680db58fb8f835e\lwjgl-openal-3.3.3-natives-linux-arm64.jar;C:\Users\buiph\.gradle\caches\modules-2\files-2.1\org.lwjgl\lwjgl-openal\3.3.3\8df8338bfa77f2ebabef4e58964bd04d24805cbf\lwjgl-openal-3.3.3-natives-macos.jar;C:\Users\buiph\.gradle\caches\modules-2\files-2.1\org.lwjgl\lwjgl-openal\3.3.3\c78b078de2fb52f45aa55d04db889a560f3544f\lwjgl-openal-3.3.3-natives-macos-arm64.jar;C:\Users\buiph\.gradle\caches\modules-2\files-2.1\org.lwjgl\lwjgl-openal\3.3.3\cf83862ae95d98496b26915024c7e666d8ab1c8f\lwjgl-openal-3.3.3-natives-windows.jar;C:\Users\buiph\.gradle\caches\modules-2\files-2.1\org.lwjgl\lwjgl-openal\3.3.3\87b8d5050e3adb46bb58fe1cb2669a4a48fce10d\lwjgl-openal-3.3.3-natives-windows-x86.jar;C:\Users\buiph\.gradle\caches\modules-2\files-2.1\org.lwjgl\lwjgl-opengl\3.3.3\2f6b0147078396a58979125a4c947664e98293a\lwjgl-opengl-3.3.3.jar;C:\Users\buiph\.gradle\caches\modules-2\files-2.1\org.lwjgl\lwjgl-opengl\3.3.3\62c70a4b00ca5391882b0f4b787c1588d24f1c86\lwjgl-opengl-3.3.3-natives-linux.jar;C:\Users\buiph\.gradle\caches\modules-2\files-2.1\org.lwjgl\lwjgl-opengl\3.3.3\dbba17fc5ac0985d14a57c11f9537617d67b9952\lwjgl-opengl-3.3.3-natives-linux-arm32.jar;C:\Users\buiph\.gradle\caches\modules-2\files-2.1\org.lwjgl\lwjgl-opengl\3.3.3\2096f6b94b2d68745d858fbfe53aacf5f0c8074c\lwjgl-opengl-3.3.3-natives-linux-arm64.jar;C:\Users\buiph\.gradle\caches\modules-2\files-2.1\org.lwjgl\lwjgl-opengl\3.3.3\1bd45997551ae8a28469f3a2b678f4b7289e12c0\lwjgl-opengl-3.3.3-natives-macos.jar;C:\Users\buiph\.gradle\caches\modules-2\files-2.1\org.lwjgl\lwjgl-opengl\3.3.3\d213ddef27637b1af87961ffa94d6b27036becc8\lwjgl-opengl-3.3.3-natives-macos-arm64.jar;C:\Users\buiph\.gradle\caches\modules-2\files-2.1\org.lwjgl\lwjgl-opengl\3.3.3\e6c1eec8be8a71951b830a4d69efc01c6531900c\lwjgl-opengl-3.3.3-natives-windows.jar;C:\Users\buiph\.gradle\caches\modules-2\files-2.1\org.lwjgl\lwjgl-opengl\3.3.3\d32d833dcaa2f355a886eaf21f0408b5f03241d\lwjgl-opengl-3.3.3-natives-windows-x86.jar;C:\Users\buiph\.gradle\caches\modules-2\files-2.1\org.lwjgl\lwjgl-stb\3.3.3\25dd6161988d7e65f71d5065c99902402ee32746\lwjgl-stb-3.3.3.jar;C:\Users\buiph\.gradle\caches\modules-2\files-2.1\org.lwjgl\lwjgl-stb\3.3.3\fd1271ccd9d85eff2fa31f3fd543e02ccfaf5041\lwjgl-stb-3.3.3-natives-linux.jar;C:\Users\buiph\.gradle\caches\modules-2\files-2.1\org.lwjgl\lwjgl-stb\3.3.3\1ae28ff044699ff29b0e980ffabd73fba8a664b3\lwjgl-stb-3.3.3-natives-linux-arm32.jar;C:\Users\buiph\.gradle\caches\modules-2\files-2.1\org.lwjgl\lwjgl-stb\3.3.3\ddc177afc2be1ee8d93684b11363b80589a13fe1\lwjgl-stb-3.3.3-natives-linux-arm64.jar;C:\Users\buiph\.gradle\caches\modules-2\files-2.1\org.lwjgl\lwjgl-stb\3.3.3\472792c98fb2c1557c060cb9da5fca6a9773621f\lwjgl-stb-3.3.3-natives-macos.jar;C:\Users\buiph\.gradle\caches\modules-2\files-2.1\org.lwjgl\lwjgl-stb\3.3.3\51c6955571fbcdb7bb538c6aa589b953b584c6af\lwjgl-stb-3.3.3-natives-macos-arm64.jar;C:\Users\buiph\.gradle\caches\modules-2\files-2.1\org.lwjgl\lwjgl-stb\3.3.3\1d9facdf6541de114b0f963be33505b7679c78cb\lwjgl-stb-3.3.3-natives-windows.jar;C:\Users\buiph\.gradle\caches\modules-2\files-2.1\org.lwjgl\lwjgl-stb\3.3.3\b5c874687b9aac1a936501d4ed2c49567fd1b575\lwjgl-stb-3.3.3-natives-windows-x86.jar;C:\Users\buiph\.gradle\caches\modules-2\files-2.1\org.lwjgl\lwjgl\3.3.3\29589b5f87ed335a6c7e7ee6a5775f81f97ecb84\lwjgl-3.3.3.jar;C:\Users\buiph\.gradle\caches\modules-2\files-2.1\org.lwjgl\lwjgl\3.3.3\1713758e3660ba66e1e954396fd18126038b33c0\lwjgl-3.3.3-natives-linux.jar;C:\Users\buiph\.gradle\caches\modules-2\files-2.1\org.lwjgl\lwjgl\3.3.3\2075c51a80f0ef0f22ba616ba54007ac2b0debd4\lwjgl-3.3.3-natives-linux-arm32.jar;C:\Users\buiph\.gradle\caches\modules-2\files-2.1\org.lwjgl\lwjgl\3.3.3\f35d8b6ffe1ac1e3a5eb1d4e33de80f044ad5fd8\lwjgl-3.3.3-natives-linux-arm64.jar;C:\Users\buiph\.gradle\caches\modules-2\files-2.1\org.lwjgl\lwjgl\3.3.3\33a6efa288390490ce6eb6c3df47ac21ecf648cf\lwjgl-3.3.3-natives-macos.jar;C:\Users\buiph\.gradle\caches\modules-2\files-2.1\org.lwjgl\lwjgl\3.3.3\226246e75f6bd8d4e1895bdce8638ef87808d114\lwjgl-3.3.3-natives-macos-arm64.jar;C:\Users\buiph\.gradle\caches\modules-2\files-2.1\org.lwjgl\lwjgl\3.3.3\a5ed18a2b82fc91b81f40d717cb1f64c9dcb0540\lwjgl-3.3.3-natives-windows.jar;C:\Users\buiph\.gradle\caches\modules-2\files-2.1\org.lwjgl\lwjgl\3.3.3\9e670718e050aeaeea0c2d5b907cffb142f2e58f\lwjgl-3.3.3-natives-windows-x86.jar;C:\Users\buiph\.gradle\caches\modules-2\files-2.1\com.badlogicgames.jlayer\jlayer\1.0.1-gdx\7cca83cec5c1b2f011362f4d85aabd71a73b049d\jlayer-1.0.1-gdx.jar;C:\Users\buiph\.gradle\caches\modules-2\files-2.1\org.jcraft\jorbis\0.0.17\8872d22b293e8f5d7d56ff92be966e6dc28ebdc6\jorbis-0.0.17.jar;C:\Users\buiph\.gradle\caches\modules-2\files-2.1\com.badlogicgames.gdx\gdx-jnigen-loader\2.3.1\2d472f69243631fbcb3d4c3f93dd2e137a6cb084\gdx-jnigen-loader-2.3.1.jar
Launcher Type: SUN_STANDARD

[Global flags]
     intx CICompilerCount                          = 4                                         {product} {ergonomic}
     uint ConcGCThreads                            = 2                                         {product} {ergonomic}
     uint G1ConcRefinementThreads                  = 8                                         {product} {ergonomic}
   size_t G1HeapRegionSize                         = 1048576                                   {product} {ergonomic}
    uintx GCDrainStackTargetSize                   = 64                                        {product} {ergonomic}
   size_t InitialHeapSize                          = 130023424                                 {product} {ergonomic}
   size_t MarkStackSize                            = 4194304                                   {product} {ergonomic}
   size_t MaxHeapSize                              = 2055208960                                {product} {ergonomic}
   size_t MaxNewSize                               = 1233125376                                {product} {ergonomic}
   size_t MinHeapDeltaBytes                        = 1048576                                   {product} {ergonomic}
   size_t MinHeapSize                              = 8388608                                   {product} {ergonomic}
    uintx NonNMethodCodeHeapSize                   = 5839372                                {pd product} {ergonomic}
    uintx NonProfiledCodeHeapSize                  = 122909434                              {pd product} {ergonomic}
    uintx ProfiledCodeHeapSize                     = 122909434                              {pd product} {ergonomic}
    uintx ReservedCodeCacheSize                    = 251658240                              {pd product} {ergonomic}
     bool SegmentedCodeCache                       = true                                      {product} {ergonomic}
   size_t SoftMaxHeapSize                          = 2055208960                             {manageable} {ergonomic}
     bool UseCompressedOops                        = true                           {product lp64_product} {ergonomic}
     bool UseG1GC                                  = true                                      {product} {ergonomic}
     bool UseLargePagesIndividualAllocation        = false                                  {pd product} {ergonomic}

Logging:
Log output configuration:
 #0: stdout all=warning uptime,level,tags foldmultilines=false
 #1: stderr all=off uptime,level,tags foldmultilines=false

Environment Variables:
PATH=C:\Program Files\Common Files\Oracle\Java\javapath;C:\WINDOWS\system32;C:\WINDOWS;C:\WINDOWS\System32\Wbem;C:\WINDOWS\System32\WindowsPowerShell\v1.0\;C:\WINDOWS\System32\OpenSSH\;C:\MinGW\bin;C:\Program Files\Git\cmd;C:\Program Files\HP\HP One Agent;C:\Program Files\Cloudflare\Cloudflare WARP\;C:\Users\buiph\AppData\Local\Microsoft\WindowsApps;C:\Users\buiph\AppData\Local\Programs\Microsoft VS Code\bin;C:\Users\buiph\AppData\Local\GitHubDesktop\bin
USERNAME=buiph
OS=Windows_NT
PROCESSOR_IDENTIFIER=Intel64 Family 6 Model 140 Stepping 1, GenuineIntel
TMP=C:\Users\buiph\AppData\Local\Temp
TEMP=C:\Users\buiph\AppData\Local\Temp




Periodic native trim disabled

---------------  S Y S T E M  ---------------

OS:
 Windows 11 , 64 bit Build 22621 (10.0.22621.3527)
OS uptime: 2 days 15:07 hours
Hyper-V role detected

CPU: total 8 (initial active 8) (4 cores per cpu, 2 threads per core) family 6 model 140 stepping 1 microcode 0xb4, cx8, cmov, fxsr, ht, mmx, 3dnowpref, sse, sse2, sse3, ssse3, sse4.1, sse4.2, popcnt, lzcnt, tsc, tscinvbit, avx, avx2, aes, erms, clmul, bmi1, bmi2, adx, avx512f, avx512dq, avx512cd, avx512bw, avx512vl, sha, fma, vzeroupper, avx512_vpopcntdq, avx512_vpclmulqdq, avx512_vaes, avx512_vnni, clflush, clflushopt, clwb, avx512_vbmi2, avx512_vbmi, hv, rdtscp, rdpid, fsrm, gfni, avx512_bitalg, f16c, cet_ibt, cet_ss, avx512_ifma
Processor Information for processor 0
  Max Mhz: 2001, Current Mhz: 1200, Mhz Limit: 2001
Processor Information for processor 1
  Max Mhz: 2001, Current Mhz: 1200, Mhz Limit: 2001
Processor Information for processor 2
  Max Mhz: 2001, Current Mhz: 1200, Mhz Limit: 2001
Processor Information for processor 3
  Max Mhz: 2001, Current Mhz: 1200, Mhz Limit: 2001
Processor Information for processor 4
  Max Mhz: 2001, Current Mhz: 2001, Mhz Limit: 2001
Processor Information for processor 5
  Max Mhz: 2001, Current Mhz: 1200, Mhz Limit: 2001
Processor Information for processor 6
  Max Mhz: 2001, Current Mhz: 2001, Mhz Limit: 2001
Processor Information for processor 7
  Max Mhz: 2001, Current Mhz: 1200, Mhz Limit: 2001

Memory: 4k page, system-wide physical 7834M (1096M free)
TotalPageFile size 18561M (AvailPageFile size 6317M)
current process WorkingSet (physical memory assigned to process): 193M, peak: 193M
current process commit charge ("private bytes"): 317M, peak: 318M

vm_info: Java HotSpot(TM) 64-Bit Server VM (21.0.1+12-LTS-29) for windows-amd64 JRE (21.0.1+12-LTS-29), built on 2023-10-05T13:27:09Z by "mach5one" with MS VC++ 17.1 (VS2022)

END.
